<?xml version="1.0" encoding="UTF-8"?>
<!-- Generated by org.testng.reporters.JUnitXMLReporter -->
<testsuite ignored="3" hostname="LPCAIQ0804" failures="1" tests="2" name="End To End Test with Chrome browser(failed)" time="20.808" errors="0" timestamp="2022-09-11T14:35:26 EET">
  <testcase classname="com.OrangeHRM.testcases.LoginPageTest" name="testLogo" time="1.331">
    <failure type="java.lang.AssertionError" message="Logo is not Found expected [false] but found [true]">
      <![CDATA[java.lang.AssertionError: Logo is not Found expected [false] but found [true]
at com.OrangeHRM.testcases.LoginPageTest.testLogo(LoginPageTest.java:126)
at java.base/java.util.ArrayList.forEach(ArrayList.java:1511)
... Removed 30 stack frames]]>
    </failure>
  </testcase> <!-- testLogo -->
  <testcase classname="com.OrangeHRM.testcases.LoginPageTest" name="testURL" time="0.022"/>
  <testcase classname="com.OrangeHRM.testcases.LoginPageTest" name="testTitle" time="0.0">
    <ignored/>
  </testcase> <!-- testTitle -->
  <testcase classname="com.OrangeHRM.testcases.LoginPageTest" name="PerformValidLoginTest" time="0.0">
    <ignored/>
  </testcase> <!-- PerformValidLoginTest -->
  <testcase classname="com.OrangeHRM.testcases.LoginPageTest" name="CheckLoginwithInvalidPasswordOrmail" time="0.0">
    <ignored/>
  </testcase> <!-- CheckLoginwithInvalidPasswordOrmail -->
</testsuite> <!-- End To End Test with Chrome browser(failed) -->
