{"uuid":"49b2b775-2709-4cd5-b6a9-d007d6001b39","historyId":"fc270b2500855b8c5f30226f2058de18","fullName":"com.OrangeHRM.testcases.LoginPageTest.CheckLoginwithInvalidPasswordOrmail","labels":[{"name":"package","value":"com.OrangeHRM.testcases.LoginPageTest"},{"name":"testClass","value":"com.OrangeHRM.testcases.LoginPageTest"},{"name":"testMethod","value":"CheckLoginwithInvalidPasswordOrmail"},{"name":"parentSuite","value":"parallelExecution Test"},{"name":"suite","value":"Cross Browser Data Driven ParallelExecution with Firefox "},{"name":"subSuite","value":"com.OrangeHRM.testcases.LoginPageTest"},{"name":"host","value":"LPCAIQ0804"},{"name":"thread","value":"39424@LPCAIQ0804.TestNG-tests-2(18)"},{"name":"framework","value":"testng"},{"name":"language","value":"java"},{"name":"story","value":"Story: Un Valid Login"},{"name":"epic","value":"Epic001"},{"name":"feature","value":"Feature2:Login"},{"name":"severity","value":"normal"}],"links":[],"name":"CheckLoginwithInvalidPasswordOrmail","status":"skipped","statusDetails":{"known":false,"muted":false,"flaky":false,"message":"Could not start a new session. Possible causes are invalid address of the remote server or browser start-up failure.","trace":"org.openqa.selenium.SessionNotCreatedException: Could not start a new session. Possible causes are invalid address of the remote server or browser start-up failure.\r\n\tat org.openqa.selenium.remote.RemoteWebDriver.execute(RemoteWebDriver.java:565)\r\n\tat org.openqa.selenium.remote.RemoteWebDriver.startSession(RemoteWebDriver.java:242)\r\n\tat org.openqa.selenium.remote.RemoteWebDriver.<init>(RemoteWebDriver.java:157)\r\n\tat org.openqa.selenium.firefox.FirefoxDriver.<init>(FirefoxDriver.java:110)\r\n\tat org.openqa.selenium.firefox.FirefoxDriver.<init>(FirefoxDriver.java:98)\r\n\tat org.openqa.selenium.firefox.FirefoxDriver.<init>(FirefoxDriver.java:94)\r\n\tat com.Base.com.testBase.initialization(testBase.java:119)\r\n\tat com.OrangeHRM.testcases.LoginPageTest.setup(LoginPageTest.java:48)\r\n\tat java.base/jdk.internal.reflect.DirectMethodHandleAccessor.invoke(DirectMethodHandleAccessor.java:104)\r\n\tat java.base/java.lang.reflect.Method.invoke(Method.java:577)\r\n\tat org.testng.internal.invokers.MethodInvocationHelper.invokeMethod(MethodInvocationHelper.java:139)\r\n\tat org.testng.internal.invokers.MethodInvocationHelper.invokeMethodConsideringTimeout(MethodInvocationHelper.java:69)\r\n\tat org.testng.internal.invokers.ConfigInvoker.invokeConfigurationMethod(ConfigInvoker.java:361)\r\n\tat org.testng.internal.invokers.ConfigInvoker.invokeConfigurations(ConfigInvoker.java:296)\r\n\tat org.testng.internal.invokers.TestInvoker.runConfigMethods(TestInvoker.java:816)\r\n\tat org.testng.internal.invokers.TestInvoker.invokeMethod(TestInvoker.java:590)\r\n\tat org.testng.internal.invokers.TestInvoker.invokeTestMethod(TestInvoker.java:221)\r\n\tat org.testng.internal.invokers.MethodRunner.runInSequence(MethodRunner.java:50)\r\n\tat org.testng.internal.invokers.TestInvoker$MethodInvocationAgent.invoke(TestInvoker.java:962)\r\n\tat org.testng.internal.invokers.TestInvoker.invokeTestMethods(TestInvoker.java:194)\r\n\tat org.testng.internal.invokers.TestMethodWorker.invokeTestMethods(TestMethodWorker.java:148)\r\n\tat org.testng.internal.invokers.TestMethodWorker.run(TestMethodWorker.java:128)\r\n\tat java.base/java.util.ArrayList.forEach(ArrayList.java:1511)\r\n\tat org.testng.TestRunner.privateRun(TestRunner.java:806)\r\n\tat org.testng.TestRunner.run(TestRunner.java:601)\r\n\tat org.testng.SuiteRunner.runTest(SuiteRunner.java:433)\r\n\tat org.testng.SuiteRunner$SuiteWorker.run(SuiteRunner.java:471)\r\n\tat org.testng.internal.thread.ThreadUtil.lambda$execute$0(ThreadUtil.java:58)\r\n\tat java.base/java.util.concurrent.FutureTask.run(FutureTask.java:264)\r\n\tat java.base/java.util.concurrent.ThreadPoolExecutor.runWorker(ThreadPoolExecutor.java:1136)\r\n\tat java.base/java.util.concurrent.ThreadPoolExecutor$Worker.run(ThreadPoolExecutor.java:635)\r\n\tat java.base/java.lang.Thread.run(Thread.java:833)\r\nCaused by: org.openqa.selenium.WebDriverException: Timed out waiting for driver server to start.\nBuild info: version: '4.4.0', revision: 'e5c75ed026a'\nSystem info: host: 'LPCAIQ0804', ip: '192.168.10.163', os.name: 'Windows 10', os.arch: 'amd64', os.version: '10.0', java.version: '18.0.2'\nDriver info: driver.version: FirefoxDriver\r\n\tat org.openqa.selenium.remote.service.DriverService.start(DriverService.java:230)\r\n\tat org.openqa.selenium.remote.service.DriverCommandExecutor.execute(DriverCommandExecutor.java:98)\r\n\tat org.openqa.selenium.remote.RemoteWebDriver.execute(RemoteWebDriver.java:547)\r\n\t... 31 more\r\nCaused by: java.util.concurrent.ExecutionException: java.io.UncheckedIOException: java.net.SocketException: Permission denied: connect\r\n\tat java.base/java.util.concurrent.CompletableFuture.reportGet(CompletableFuture.java:396)\r\n\tat java.base/java.util.concurrent.CompletableFuture.get(CompletableFuture.java:2096)\r\n\tat org.openqa.selenium.remote.service.DriverService.start(DriverService.java:220)\r\n\t... 33 more\r\nCaused by: java.io.UncheckedIOException: java.net.SocketException: Permission denied: connect\r\n\tat org.openqa.selenium.net.PortProber.waitForPortUp(PortProber.java:116)\r\n\tat org.openqa.selenium.firefox.GeckoDriverService.waitUntilAvailable(GeckoDriverService.java:120)\r\n\tat org.openqa.selenium.remote.service.DriverService.lambda$start$1(DriverService.java:205)\r\n\tat java.base/java.util.concurrent.CompletableFuture$AsyncSupply.run(CompletableFuture.java:1768)\r\n\t... 3 more\r\nCaused by: java.net.SocketException: Permission denied: connect\r\n\tat java.base/sun.nio.ch.Net.connect0(Native Method)\r\n\tat java.base/sun.nio.ch.Net.connect(Net.java:579)\r\n\tat java.base/sun.nio.ch.Net.connect(Net.java:568)\r\n\tat java.base/sun.nio.ch.NioSocketImpl.connect(NioSocketImpl.java:585)\r\n\tat java.base/java.net.SocksSocketImpl.connect(SocksSocketImpl.java:327)\r\n\tat java.base/java.net.Socket.connect(Socket.java:633)\r\n\tat org.openqa.selenium.net.PortProber.waitForPortUp(PortProber.java:111)\r\n\t... 6 more\r\n"},"stage":"finished","description":"Verify UnValid Login On LoginPage","steps":[],"attachments":[],"parameters":[{"name":"arg1","value":"admin"},{"name":"Browser","value":"firefox"},{"name":"arg0","value":"admin"}],"start":1665579503714,"stop":1665579503716}