{"uuid":"f5d09df0-cfab-4174-8a21-9a9e6d46ac4a","historyId":"703267b2de05c8a31816759bc1c5ebe6","fullName":"com.OrangeHRM.testcases.LoginPageTest.testLogo","labels":[{"name":"package","value":"com.OrangeHRM.testcases.LoginPageTest"},{"name":"testClass","value":"com.OrangeHRM.testcases.LoginPageTest"},{"name":"testMethod","value":"testLogo"},{"name":"parentSuite","value":"parallelExecution Test"},{"name":"suite","value":"Cross Browser Data Driven ParallelExecution with Edge "},{"name":"subSuite","value":"com.OrangeHRM.testcases.LoginPageTest"},{"name":"host","value":"LPCAIQ0804"},{"name":"thread","value":"46952@LPCAIQ0804.TestNG-tests-3(25)"},{"name":"framework","value":"testng"},{"name":"language","value":"java"},{"name":"story","value":"Story: Logo Presence"},{"name":"epic","value":"Epic001"},{"name":"feature","value":"Feature1:Logo"},{"name":"severity","value":"minor"}],"links":[],"name":"testLogo","status":"skipped","statusDetails":{"known":false,"muted":false,"flaky":false,"message":"Thread safety error; this instance of WebDriver was constructed on thread TestNG-tests-1 (id 23) and is being accessed by thread TestNG-tests-3 (id 25)This is not permitted and *will* cause undefined behaviour\nBuild info: version: '4.4.0', revision: 'e5c75ed026a'\nSystem info: host: 'LPCAIQ0804', ip: '192.168.10.163', os.name: 'Windows 10', os.arch: 'amd64', os.version: '10.0', java.version: '18.0.2'\nDriver info: driver.version: EventFiringWebDriver","trace":"org.openqa.selenium.WebDriverException: Thread safety error; this instance of WebDriver was constructed on thread TestNG-tests-1 (id 23) and is being accessed by thread TestNG-tests-3 (id 25)This is not permitted and *will* cause undefined behaviour\nBuild info: version: '4.4.0', revision: 'e5c75ed026a'\nSystem info: host: 'LPCAIQ0804', ip: '192.168.10.163', os.name: 'Windows 10', os.arch: 'amd64', os.version: '10.0', java.version: '18.0.2'\nDriver info: driver.version: EventFiringWebDriver\r\n\tat org.openqa.selenium.support.ThreadGuard$WebDriverInvocationHandler.invoke(ThreadGuard.java:88)\r\n\tat jdk.proxy2/jdk.proxy2.$Proxy34.executeScript(Unknown Source)\r\n\tat java.base/jdk.internal.reflect.DirectMethodHandleAccessor.invoke(DirectMethodHandleAccessor.java:104)\r\n\tat java.base/java.lang.reflect.Method.invoke(Method.java:577)\r\n\tat org.openqa.selenium.support.events.EventFiringWebDriver.lambda$new$1(EventFiringWebDriver.java:105)\r\n\tat jdk.proxy2/jdk.proxy2.$Proxy36.executeScript(Unknown Source)\r\n\tat org.openqa.selenium.support.events.EventFiringWebDriver.executeScript(EventFiringWebDriver.java:229)\r\n\tat com.OrangeHRM.pages.LoginPage.checkLogo(LoginPage.java:99)\r\n\tat com.OrangeHRM.testcases.LoginPageTest.testLogo(LoginPageTest.java:117)\r\n\tat java.base/jdk.internal.reflect.DirectMethodHandleAccessor.invoke(DirectMethodHandleAccessor.java:104)\r\n\tat java.base/java.lang.reflect.Method.invoke(Method.java:577)\r\n\tat org.testng.internal.invokers.MethodInvocationHelper.invokeMethod(MethodInvocationHelper.java:139)\r\n\tat org.testng.internal.invokers.TestInvoker.invokeMethod(TestInvoker.java:677)\r\n\tat org.testng.internal.invokers.TestInvoker.invokeTestMethod(TestInvoker.java:221)\r\n\tat org.testng.internal.invokers.MethodRunner.runInSequence(MethodRunner.java:50)\r\n\tat org.testng.internal.invokers.TestInvoker$MethodInvocationAgent.invoke(TestInvoker.java:962)\r\n\tat org.testng.internal.invokers.TestInvoker.invokeTestMethods(TestInvoker.java:194)\r\n\tat org.testng.internal.invokers.TestMethodWorker.invokeTestMethods(TestMethodWorker.java:148)\r\n\tat org.testng.internal.invokers.TestMethodWorker.run(TestMethodWorker.java:128)\r\n\tat java.base/java.util.ArrayList.forEach(ArrayList.java:1511)\r\n\tat org.testng.TestRunner.privateRun(TestRunner.java:806)\r\n\tat org.testng.TestRunner.run(TestRunner.java:601)\r\n\tat org.testng.SuiteRunner.runTest(SuiteRunner.java:433)\r\n\tat org.testng.SuiteRunner$SuiteWorker.run(SuiteRunner.java:471)\r\n\tat org.testng.internal.thread.ThreadUtil.lambda$execute$0(ThreadUtil.java:58)\r\n\tat java.base/java.util.concurrent.FutureTask.run(FutureTask.java:264)\r\n\tat java.base/java.util.concurrent.ThreadPoolExecutor.runWorker(ThreadPoolExecutor.java:1136)\r\n\tat java.base/java.util.concurrent.ThreadPoolExecutor$Worker.run(ThreadPoolExecutor.java:635)\r\n\tat java.base/java.lang.Thread.run(Thread.java:833)\r\n"},"stage":"finished","description":"Verify Logo Prescence On LoginPage","steps":[{"name":"Verify Logo Prescence ","status":"broken","statusDetails":{"known":false,"muted":false,"flaky":false,"message":"Thread safety error; this instance of WebDriver was constructed on thread TestNG-tests-1 (id 23) and is being accessed by thread TestNG-tests-3 (id 25)This is not permitted and *will* cause undefined behaviour\nBuild info: version: '4.4.0', revision: 'e5c75ed026a'\nSystem info: host: 'LPCAIQ0804', ip: '192.168.10.163', os.name: 'Windows 10', os.arch: 'amd64', os.version: '10.0', java.version: '18.0.2'\nDriver info: driver.version: EventFiringWebDriver","trace":"org.openqa.selenium.WebDriverException: Thread safety error; this instance of WebDriver was constructed on thread TestNG-tests-1 (id 23) and is being accessed by thread TestNG-tests-3 (id 25)This is not permitted and *will* cause undefined behaviour\nBuild info: version: '4.4.0', revision: 'e5c75ed026a'\nSystem info: host: 'LPCAIQ0804', ip: '192.168.10.163', os.name: 'Windows 10', os.arch: 'amd64', os.version: '10.0', java.version: '18.0.2'\nDriver info: driver.version: EventFiringWebDriver\r\n\tat org.openqa.selenium.support.ThreadGuard$WebDriverInvocationHandler.invoke(ThreadGuard.java:88)\r\n\tat jdk.proxy2/jdk.proxy2.$Proxy34.executeScript(Unknown Source)\r\n\tat java.base/jdk.internal.reflect.DirectMethodHandleAccessor.invoke(DirectMethodHandleAccessor.java:104)\r\n\tat java.base/java.lang.reflect.Method.invoke(Method.java:577)\r\n\tat org.openqa.selenium.support.events.EventFiringWebDriver.lambda$new$1(EventFiringWebDriver.java:105)\r\n\tat jdk.proxy2/jdk.proxy2.$Proxy36.executeScript(Unknown Source)\r\n\tat org.openqa.selenium.support.events.EventFiringWebDriver.executeScript(EventFiringWebDriver.java:229)\r\n\tat com.OrangeHRM.pages.LoginPage.checkLogo(LoginPage.java:99)\r\n\tat com.OrangeHRM.testcases.LoginPageTest.testLogo(LoginPageTest.java:117)\r\n\tat java.base/jdk.internal.reflect.DirectMethodHandleAccessor.invoke(DirectMethodHandleAccessor.java:104)\r\n\tat java.base/java.lang.reflect.Method.invoke(Method.java:577)\r\n\tat org.testng.internal.invokers.MethodInvocationHelper.invokeMethod(MethodInvocationHelper.java:139)\r\n\tat org.testng.internal.invokers.TestInvoker.invokeMethod(TestInvoker.java:677)\r\n\tat org.testng.internal.invokers.TestInvoker.invokeTestMethod(TestInvoker.java:221)\r\n\tat org.testng.internal.invokers.MethodRunner.runInSequence(MethodRunner.java:50)\r\n\tat org.testng.internal.invokers.TestInvoker$MethodInvocationAgent.invoke(TestInvoker.java:962)\r\n\tat org.testng.internal.invokers.TestInvoker.invokeTestMethods(TestInvoker.java:194)\r\n\tat org.testng.internal.invokers.TestMethodWorker.invokeTestMethods(TestMethodWorker.java:148)\r\n\tat org.testng.internal.invokers.TestMethodWorker.run(TestMethodWorker.java:128)\r\n\tat java.base/java.util.ArrayList.forEach(ArrayList.java:1511)\r\n\tat org.testng.TestRunner.privateRun(TestRunner.java:806)\r\n\tat org.testng.TestRunner.run(TestRunner.java:601)\r\n\tat org.testng.SuiteRunner.runTest(SuiteRunner.java:433)\r\n\tat org.testng.SuiteRunner$SuiteWorker.run(SuiteRunner.java:471)\r\n\tat org.testng.internal.thread.ThreadUtil.lambda$execute$0(ThreadUtil.java:58)\r\n\tat java.base/java.util.concurrent.FutureTask.run(FutureTask.java:264)\r\n\tat java.base/java.util.concurrent.ThreadPoolExecutor.runWorker(ThreadPoolExecutor.java:1136)\r\n\tat java.base/java.util.concurrent.ThreadPoolExecutor$Worker.run(ThreadPoolExecutor.java:635)\r\n\tat java.base/java.lang.Thread.run(Thread.java:833)\r\n"},"stage":"finished","steps":[],"attachments":[],"parameters":[],"start":1665651951638,"stop":1665651951638}],"attachments":[],"parameters":[{"name":"Browser","value":"edge"}],"start":1665651951637,"stop":1665651951638}